<?xml version="1.0" encoding="UTF-8"?>
<!-- Generated by org.testng.reporters.JUnitReportReporter -->
<testsuite skipped="0" hostname="Lenovo-PC" name="Test2.Backend" tests="1" failures="0" timestamp="07 lut 2019 20:01:46 GMT" time="21.173" errors="0">
  <testcase name="Main" time="21.173" classname="Test2.Backend"/>
</testsuite> <!-- Test2.Backend -->
